[2026-07-03 08:11:51] ========================================
[2026-07-03 08:11:51] 📰 亚马逊情报日报 - 开始运行
[2026-07-03 08:11:51] ========================================
[2026-07-03 08:11:51] 🕷️  阶段 1/3: 爬取新闻...
/Users/taoxue/Library/Python/3.9/lib/python/site-packages/urllib3/__init__.py:35: NotOpenSSLWarning: urllib3 v2 only supports OpenSSL 1.1.1+, currently the 'ssl' module is compiled with 'LibreSSL 2.8.3'. See: https://github.com/urllib3/urllib3/issues/3020
  warnings.warn(
08:11:53 | INFO     | ✅ 加载解析器: AMZ123
08:11:53 | INFO     | ✅ 加载解析器: 卖家之家
08:11:53 | WARNING  | ⚠️  未找到解析器: ikjzd（可后续扩展）
08:11:53 | INFO     | ⏭️  [知无不言] 已禁用，跳过
08:11:53 | INFO     | ✅ 数据库初始化完成: /Users/taoxue/personal/amazon/output/news/news.db
08:11:53 | INFO     | 
==================================================
08:11:53 | INFO     | 📰 开始爬取: AMZ123
08:11:53 | INFO     | ==================================================
08:11:53 | INFO     |   → 爬取列表页: https://www.amz123.com/t
08:11:54 | INFO     |   → AMZ123 解析到 10 篇文章
08:11:58 | INFO     |   → 爬取列表页: https://www.amz123.com/kx
08:11:59 | INFO     |   → AMZ123 解析到 8 篇文章
08:12:03 | INFO     |   → 爬取列表页: https://www.amz123.com/zb
08:12:04 | INFO     |   → AMZ123 解析到 9 篇文章
08:12:09 | INFO     |   → [AMZ123] 共找到 23 篇文章（来自 3 个列表页）
08:12:09 | INFO     | 
📈 [AMZ123] 新增 0 篇文章
08:12:09 | INFO     | 
==================================================
08:12:09 | INFO     | 📰 开始爬取: 卖家之家
08:12:09 | INFO     | ==================================================
08:12:09 | INFO     | 🔍 [卖家之家] 爬取列表页: https://mjzj.com/
08:12:09 | INFO     |   → 卖家之家解析到 22 篇文章
08:12:09 | INFO     |    → 找到 22 篇文章
08:12:09 | INFO     | 
📈 [卖家之家] 新增 0 篇文章
08:12:09 | INFO     | 
📊 本轮爬取完成: 共新增 0 篇文章
08:12:09 | INFO     | 
📊 本次爬取新增 0 篇文章
[2026-07-03 08:12:09] 🤖  阶段 2/3: AI 分析...
/Users/taoxue/Library/Python/3.9/lib/python/site-packages/urllib3/__init__.py:35: NotOpenSSLWarning: urllib3 v2 only supports OpenSSL 1.1.1+, currently the 'ssl' module is compiled with 'LibreSSL 2.8.3'. See: https://github.com/urllib3/urllib3/issues/3020
  warnings.warn(
08:12:10 | INFO     | 📭 没有待处理的文章

==================================================
📊 文章分类统计 (共 45 篇)
==================================================
  📜 政策法规     │   4 篇 ██
  🛒 平台动态     │  12 篇 ██████
  📈 行业趋势     │  22 篇 ███████████
  ⚙️ 运营干货     │   3 篇 █
  🚚 物流仓储     │   2 篇 █
  ⚠️ 风险预警     │   2 篇 █
[2026-07-03 08:12:10] 📄  阶段 3/3: 生成 HTML 报告...
/Users/taoxue/Library/Python/3.9/lib/python/site-packages/urllib3/__init__.py:35: NotOpenSSLWarning: urllib3 v2 only supports OpenSSL 1.1.1+, currently the 'ssl' module is compiled with 'LibreSSL 2.8.3'. See: https://github.com/urllib3/urllib3/issues/3020
  warnings.warn(
08:12:10 | INFO     | ✅ HTML 报告已导出: /Users/taoxue/personal/amazon/output/news/report-daily.html
[2026-07-03 08:12:10] 🚀  阶段 4/4: 发布到 GitHub Pages...
[main f4b8609] 📰 日报自动更新 2026-07-03 08:12
 1 file changed, 1 insertion(+), 1 deletion(-)
To github.com-personal:ixshells/amazon.git
   4bc9f6d..f4b8609  main -> main
[2026-07-03 08:12:15] ✅ 已发布到 GitHub Pages
[2026-07-03 08:12:15] ✅ 完成！报告已生成: /Users/taoxue/personal/amazon/output/news/report-daily.html
[2026-07-03 08:12:15] 🌐 在线访问: https://ixshells.github.io/amazon/
[2026-07-03 08:12:15] ========================================
